        -:    0:Source:dominion.c
        -:    0:Graph:dominion.gcno
        -:    0:Data:dominion.gcda
        -:    0:Runs:3
        -:    0:Programs:3
        -:    1:#include "dominion.h"
        -:    2:#include "dominion_helpers.h"
        -:    3:#include "rngs.h"
        -:    4:#include <stdio.h>
        -:    5:#include <math.h>
        -:    6:#include <stdlib.h>
        -:    7:
function compare called 12157242 returned 100% blocks executed 100%
 12157242:    8:int compare(const void* a, const void* b) {
 12157242:    9:  if (*(int*)a > *(int*)b)
branch  0 taken 1% (fallthrough)
branch  1 taken 99%
    25595:   10:    return 1;
 12131647:   11:  if (*(int*)a < *(int*)b)
branch  0 taken 1% (fallthrough)
branch  1 taken 99%
    87558:   12:    return -1;
 12044089:   13:  return 0;
        -:   14:}
        -:   15:
function newGame called 0 returned 0% blocks executed 0%
    #####:   16:struct gameState* newGame() {
    #####:   17:  struct gameState* g = malloc(sizeof(struct gameState));
    #####:   18:  return g;
        -:   19:}
        -:   20:
function kingdomCards called 0 returned 0% blocks executed 0%
    #####:   21:int* kingdomCards(int k1, int k2, int k3, int k4, int k5, int k6, int k7,
        -:   22:		  int k8, int k9, int k10) {
    #####:   23:  int* k = malloc(10 * sizeof(int));
    #####:   24:  k[0] = k1;
    #####:   25:  k[1] = k2;
    #####:   26:  k[2] = k3;
    #####:   27:  k[3] = k4;
    #####:   28:  k[4] = k5;
    #####:   29:  k[5] = k6;
    #####:   30:  k[6] = k7;
    #####:   31:  k[7] = k8;
    #####:   32:  k[8] = k9;
    #####:   33:  k[9] = k10;
    #####:   34:  return k;
        -:   35:}
        -:   36:
function initializeGame called 6000 returned 100% blocks executed 95%
     6000:   37:int initializeGame(int numPlayers, int kingdomCards[10], int randomSeed,
        -:   38:		   struct gameState *state) {
        -:   39:
        -:   40:  int i;
        -:   41:  int j;
        -:   42:  int it;			
        -:   43:  //set up random number generator
     6000:   44:  SelectStream(1);
call    0 returned 100%
     6000:   45:  PutSeed((long)randomSeed);
call    0 returned 100%
        -:   46:  
        -:   47:  //check number of players
     6000:   48:  if (numPlayers > MAX_PLAYERS || numPlayers < 2)
branch  0 taken 100% (fallthrough)
branch  1 taken 0%
branch  2 taken 0% (fallthrough)
branch  3 taken 100%
        -:   49:    {
    #####:   50:      return -1;
        -:   51:    }
        -:   52:
        -:   53:  //set number of players
     6000:   54:  state->numPlayers = numPlayers;
        -:   55:
        -:   56:  //check selected kingdom cards are different
    66000:   57:  for (i = 0; i < 10; i++)
branch  0 taken 91%
branch  1 taken 9% (fallthrough)
        -:   58:    {
   660000:   59:      for (j = 0; j < 10; j++)
branch  0 taken 91%
branch  1 taken 9% (fallthrough)
        -:   60:        {
   600000:   61:	  if (j != i && kingdomCards[j] == kingdomCards[i])
branch  0 taken 90% (fallthrough)
branch  1 taken 10%
branch  2 taken 0% (fallthrough)
branch  3 taken 100%
        -:   62:	    {
    #####:   63:	      return -1;
        -:   64:	    }
        -:   65:        }
        -:   66:    }
        -:   67:
        -:   68:
        -:   69:  //initialize supply
        -:   70:  ///////////////////////////////
        -:   71:
        -:   72:  //set number of Curse cards
     6000:   73:  if (numPlayers == 2)
branch  0 taken 32% (fallthrough)
branch  1 taken 68%
        -:   74:    {
     1926:   75:      state->supplyCount[curse] = 10;
        -:   76:    }
     4074:   77:  else if (numPlayers == 3)
branch  0 taken 50% (fallthrough)
branch  1 taken 50%
        -:   78:    {
     2022:   79:      state->supplyCount[curse] = 20;
        -:   80:    }
        -:   81:  else
        -:   82:    {
     2052:   83:      state->supplyCount[curse] = 30;
        -:   84:    }
        -:   85:
        -:   86:  //set number of Victory cards
     6000:   87:  if (numPlayers == 2)
branch  0 taken 32% (fallthrough)
branch  1 taken 68%
        -:   88:    {
     1926:   89:      state->supplyCount[estate] = 8;
     1926:   90:      state->supplyCount[duchy] = 8;
     1926:   91:      state->supplyCount[province] = 8;
        -:   92:    }
        -:   93:  else
        -:   94:    {
     4074:   95:      state->supplyCount[estate] = 12;
     4074:   96:      state->supplyCount[duchy] = 12;
     4074:   97:      state->supplyCount[province] = 12;
        -:   98:    }
        -:   99:
        -:  100:  //set number of Treasure cards
     6000:  101:  state->supplyCount[copper] = 60 - (7 * numPlayers);
     6000:  102:  state->supplyCount[silver] = 40;
     6000:  103:  state->supplyCount[gold] = 30;
        -:  104:
        -:  105:  //set number of Kingdom cards
   126000:  106:  for (i = adventurer; i <= treasure_map; i++)       	//loop all cards
branch  0 taken 95%
branch  1 taken 5% (fallthrough)
        -:  107:    {
   990000:  108:      for (j = 0; j < 10; j++)           		//loop chosen cards
branch  0 taken 94%
branch  1 taken 6% (fallthrough)
        -:  109:	{
   930000:  110:	  if (kingdomCards[j] == i)
branch  0 taken 6% (fallthrough)
branch  1 taken 94%
        -:  111:	    {
        -:  112:	      //check if card is a 'Victory' Kingdom card
    60000:  113:	      if (kingdomCards[j] == great_hall || kingdomCards[j] == gardens)
branch  0 taken 100% (fallthrough)
branch  1 taken 0%
branch  2 taken 10% (fallthrough)
branch  3 taken 90%
        -:  114:		{
    12000:  115:		  if (numPlayers == 2){ 
branch  0 taken 32% (fallthrough)
branch  1 taken 68%
     1926:  116:		    state->supplyCount[i] = 8; 
        -:  117:		  }
     4074:  118:		  else{ state->supplyCount[i] = 12; }
        -:  119:		}
        -:  120:	      else
        -:  121:		{
    54000:  122:		  state->supplyCount[i] = 10;
        -:  123:		}
    60000:  124:	      break;
        -:  125:	    }
        -:  126:	  else    //card is not in the set choosen for the game
        -:  127:	    {
   870000:  128:	      state->supplyCount[i] = -1;
        -:  129:	    }
        -:  130:	}
        -:  131:
        -:  132:    }
        -:  133:
        -:  134:  ////////////////////////
        -:  135:  //supply intilization complete
        -:  136:
        -:  137:  //set player decks
    24126:  138:  for (i = 0; i < numPlayers; i++)
branch  0 taken 75%
branch  1 taken 25% (fallthrough)
        -:  139:    {
    18126:  140:      state->deckCount[i] = 0;
    72504:  141:      for (j = 0; j < 3; j++)
branch  0 taken 75%
branch  1 taken 25% (fallthrough)
        -:  142:	{
    54378:  143:	  state->deck[i][j] = estate;
    54378:  144:	  state->deckCount[i]++;
        -:  145:	}
   145008:  146:      for (j = 3; j < 10; j++)
branch  0 taken 88%
branch  1 taken 13% (fallthrough)
        -:  147:	{
   126882:  148:	  state->deck[i][j] = copper;
   126882:  149:	  state->deckCount[i]++;		
        -:  150:	}
        -:  151:    }
        -:  152:
        -:  153:  //shuffle player decks
    24126:  154:  for (i = 0; i < numPlayers; i++)
branch  0 taken 75%
branch  1 taken 25% (fallthrough)
        -:  155:    {
    18126:  156:      if ( shuffle(i, state) < 0 )
call    0 returned 100%
branch  1 taken 0% (fallthrough)
branch  2 taken 100%
        -:  157:	{
    #####:  158:	  return -1;
        -:  159:	}
        -:  160:    }
        -:  161:
        -:  162:  //draw player hands
    24126:  163:  for (i = 0; i < numPlayers; i++)
branch  0 taken 75%
branch  1 taken 25% (fallthrough)
        -:  164:    {  
        -:  165:      //initialize hand size to zero
    18126:  166:      state->handCount[i] = 0;
    18126:  167:      state->discardCount[i] = 0;
        -:  168:      //draw 5 cards
        -:  169:      // for (j = 0; j < 5; j++)
        -:  170:      //	{
        -:  171:      //	  drawCard(i, state);
        -:  172:      //	}
        -:  173:    }
        -:  174:  
        -:  175:  //set embargo tokens to 0 for all supply piles
   168000:  176:  for (i = 0; i <= treasure_map; i++)
branch  0 taken 96%
branch  1 taken 4% (fallthrough)
        -:  177:    {
   162000:  178:      state->embargoTokens[i] = 0;
        -:  179:    }
        -:  180:
        -:  181:  //initialize first player's turn
     6000:  182:  state->outpostPlayed = 0;
     6000:  183:  state->phase = 0;
     6000:  184:  state->numActions = 1;
     6000:  185:  state->numBuys = 1;
     6000:  186:  state->playedCardCount = 0;
     6000:  187:  state->whoseTurn = 0;
     6000:  188:  state->handCount[state->whoseTurn] = 0;
        -:  189:  //int it; move to top
        -:  190:
        -:  191:  //Moved draw cards to here, only drawing at the start of a turn
    36000:  192:  for (it = 0; it < 5; it++){
branch  0 taken 83%
branch  1 taken 17% (fallthrough)
    30000:  193:    drawCard(state->whoseTurn, state);
call    0 returned 100%
        -:  194:  }
        -:  195:
     6000:  196:  updateCoins(state->whoseTurn, state, 0);
call    0 returned 100%
        -:  197:
     6000:  198:  return 0;
        -:  199:}
        -:  200:
function shuffle called 34040 returned 100% blocks executed 100%
    34040:  201:int shuffle(int player, struct gameState *state) {
        -:  202: 
        -:  203:
        -:  204:  int newDeck[MAX_DECK];
    34040:  205:  int newDeckPos = 0;
        -:  206:  int card;
        -:  207:  int i;
        -:  208:
    34040:  209:  if (state->deckCount[player] < 1)
branch  0 taken 12% (fallthrough)
branch  1 taken 88%
     4025:  210:    return -1;
    30015:  211:  qsort ((void*)(state->deck[player]), state->deckCount[player], sizeof(int), compare); 
call    0 returned 100%
        -:  212:  /* SORT CARDS IN DECK TO ENSURE DETERMINISM! */
        -:  213:
  3222510:  214:  while (state->deckCount[player] > 0) {
branch  0 taken 99%
branch  1 taken 1% (fallthrough)
  3162480:  215:    card = floor(Random() * state->deckCount[player]);
call    0 returned 100%
  3162480:  216:    newDeck[newDeckPos] = state->deck[player][card];
  3162480:  217:    newDeckPos++;
250657452:  218:    for (i = card; i < state->deckCount[player]-1; i++) {
branch  0 taken 99%
branch  1 taken 1% (fallthrough)
247494972:  219:      state->deck[player][i] = state->deck[player][i+1];
        -:  220:    }
  3162480:  221:    state->deckCount[player]--;
        -:  222:  }
  3192495:  223:  for (i = 0; i < newDeckPos; i++) {
branch  0 taken 99%
branch  1 taken 1% (fallthrough)
  3162480:  224:    state->deck[player][i] = newDeck[i];
  3162480:  225:    state->deckCount[player]++;
        -:  226:  }
        -:  227:
    30015:  228:  return 0;
        -:  229:}
        -:  230:
function playCard called 0 returned 0% blocks executed 0%
    #####:  231:int playCard(int handPos, int choice1, int choice2, int choice3, struct gameState *state) 
        -:  232:{	
        -:  233:  int card;
    #####:  234:  int coin_bonus = 0; 		//tracks coins gain from actions
        -:  235:
        -:  236:  //check if it is the right phase
    #####:  237:  if (state->phase != 0)
branch  0 never executed
branch  1 never executed
        -:  238:    {
    #####:  239:      return -1;
        -:  240:    }
        -:  241:	
        -:  242:  //check if player has enough actions
    #####:  243:  if ( state->numActions < 1 )
branch  0 never executed
branch  1 never executed
        -:  244:    {
    #####:  245:      return -1;
        -:  246:    }
        -:  247:	
        -:  248:  //get card played
    #####:  249:  card = handCard(handPos, state);
call    0 never executed
        -:  250:	
        -:  251:  //check if selected card is an action
    #####:  252:  if ( card < adventurer || card > treasure_map )
branch  0 never executed
branch  1 never executed
branch  2 never executed
branch  3 never executed
        -:  253:    {
    #####:  254:      return -1;
        -:  255:    }
        -:  256:	
        -:  257:  //play card
    #####:  258:  if ( cardEffect(card, choice1, choice2, choice3, state, handPos, &coin_bonus) < 0 )
call    0 never executed
branch  1 never executed
branch  2 never executed
        -:  259:    {
    #####:  260:      return -1;
        -:  261:    }
        -:  262:	
        -:  263:  //reduce number of actions
    #####:  264:  state->numActions--;
        -:  265:
        -:  266:  //update coins (Treasure cards may be added with card draws)
    #####:  267:  updateCoins(state->whoseTurn, state, coin_bonus);
call    0 never executed
        -:  268:	
    #####:  269:  return 0;
        -:  270:}
        -:  271:
function buyCard called 0 returned 0% blocks executed 0%
    #####:  272:int buyCard(int supplyPos, struct gameState *state) {
        -:  273:  int who;
        -:  274:  if (DEBUG){
    #####:  275:    printf("Entering buyCard...\n");
call    0 never executed
        -:  276:  }
        -:  277:
        -:  278:  // I don't know what to do about the phase thing.
        -:  279:
    #####:  280:  who = state->whoseTurn;
        -:  281:
    #####:  282:  if (state->numBuys < 1){
branch  0 never executed
branch  1 never executed
        -:  283:    if (DEBUG)
    #####:  284:      printf("You do not have any buys left\n");
call    0 never executed
    #####:  285:    return -1;
    #####:  286:  } else if (supplyCount(supplyPos, state) <1){
call    0 never executed
branch  1 never executed
branch  2 never executed
        -:  287:    if (DEBUG)
    #####:  288:      printf("There are not any of that type of card left\n");
call    0 never executed
    #####:  289:    return -1;
    #####:  290:  } else if (state->coins < getCost(supplyPos)){
call    0 never executed
branch  1 never executed
branch  2 never executed
        -:  291:    if (DEBUG) 
    #####:  292:      printf("You do not have enough money to buy that. You have %d coins.\n", state->coins);
call    0 never executed
    #####:  293:    return -1;
        -:  294:  } else {
    #####:  295:    state->phase=1;
        -:  296:    //state->supplyCount[supplyPos]--;
    #####:  297:    gainCard(supplyPos, state, 0, who); //card goes in discard, this might be wrong.. (2 means goes into hand, 0 goes into discard)
call    0 never executed
        -:  298:  
    #####:  299:    state->coins = (state->coins) - (getCost(supplyPos));
call    0 never executed
    #####:  300:    state->numBuys--;
        -:  301:    if (DEBUG)
    #####:  302:      printf("You bought card number %d for %d coins. You now have %d buys and %d coins.\n", supplyPos, getCost(supplyPos), state->numBuys, state->coins);
call    0 never executed
call    1 never executed
        -:  303:  }
        -:  304:
        -:  305:  //state->discard[who][state->discardCount[who]] = supplyPos;
        -:  306:  //state->discardCount[who]++;
        -:  307:    
    #####:  308:  return 0;
        -:  309:}
        -:  310:
function numHandCards called 0 returned 0% blocks executed 0%
    #####:  311:int numHandCards(struct gameState *state) {
    #####:  312:  return state->handCount[ whoseTurn(state) ];
call    0 never executed
        -:  313:}
        -:  314:
function handCard called 0 returned 0% blocks executed 0%
    #####:  315:int handCard(int handPos, struct gameState *state) {
    #####:  316:  int currentPlayer = whoseTurn(state);
call    0 never executed
    #####:  317:  return state->hand[currentPlayer][handPos];
        -:  318:}
        -:  319:
function supplyCount called 471276 returned 100% blocks executed 100%
   471276:  320:int supplyCount(int card, struct gameState *state) {
   471276:  321:  return state->supplyCount[card];
        -:  322:}
        -:  323:
function fullDeckCount called 0 returned 0% blocks executed 0%
    #####:  324:int fullDeckCount(int player, int card, struct gameState *state) {
        -:  325:  int i;
    #####:  326:  int count = 0;
        -:  327:
    #####:  328:  for (i = 0; i < state->deckCount[player]; i++)
branch  0 never executed
branch  1 never executed
        -:  329:    {
    #####:  330:      if (state->deck[player][i] == card) count++;
branch  0 never executed
branch  1 never executed
        -:  331:    }
        -:  332:
    #####:  333:  for (i = 0; i < state->handCount[player]; i++)
branch  0 never executed
branch  1 never executed
        -:  334:    {
    #####:  335:      if (state->hand[player][i] == card) count++;
branch  0 never executed
branch  1 never executed
        -:  336:    }
        -:  337:
    #####:  338:  for (i = 0; i < state->discardCount[player]; i++)
branch  0 never executed
branch  1 never executed
        -:  339:    {
    #####:  340:      if (state->discard[player][i] == card) count++;
branch  0 never executed
branch  1 never executed
        -:  341:    }
        -:  342:
    #####:  343:  return count;
        -:  344:}
        -:  345:
function whoseTurn called 18126 returned 100% blocks executed 100%
    18126:  346:int whoseTurn(struct gameState *state) {
    18126:  347:  return state->whoseTurn;
        -:  348:}
        -:  349:
function endTurn called 0 returned 0% blocks executed 0%
    #####:  350:int endTurn(struct gameState *state) {
        -:  351:  int k;
        -:  352:  int i;
    #####:  353:  int currentPlayer = whoseTurn(state);
call    0 never executed
        -:  354:  
        -:  355:  //Discard hand
    #####:  356:  for (i = 0; i < state->handCount[currentPlayer]; i++){
branch  0 never executed
branch  1 never executed
    #####:  357:    state->discard[currentPlayer][state->discardCount[currentPlayer]++] = state->hand[currentPlayer][i];//Discard
    #####:  358:    state->hand[currentPlayer][i] = -1;//Set card to -1
        -:  359:  }
    #####:  360:  state->handCount[currentPlayer] = 0;//Reset hand count
        -:  361:    
        -:  362:  //Code for determining the player
    #####:  363:  if (currentPlayer < (state->numPlayers - 1)){ 
branch  0 never executed
branch  1 never executed
    #####:  364:    state->whoseTurn = currentPlayer + 1;//Still safe to increment
        -:  365:  }
        -:  366:  else{
    #####:  367:    state->whoseTurn = 0;//Max player has been reached, loop back around to player 1
        -:  368:  }
        -:  369:
    #####:  370:  state->outpostPlayed = 0;
    #####:  371:  state->phase = 0;
    #####:  372:  state->numActions = 1;
    #####:  373:  state->coins = 0;
    #####:  374:  state->numBuys = 1;
    #####:  375:  state->playedCardCount = 0;
    #####:  376:  state->handCount[state->whoseTurn] = 0;
        -:  377:
        -:  378:  //int k; move to top
        -:  379:  //Next player draws hand
    #####:  380:  for (k = 0; k < 5; k++){
branch  0 never executed
branch  1 never executed
    #####:  381:    drawCard(state->whoseTurn, state);//Draw a card
call    0 never executed
        -:  382:  }
        -:  383:
        -:  384:  //Update money
    #####:  385:  updateCoins(state->whoseTurn, state , 0);
call    0 never executed
        -:  386:
    #####:  387:  return 0;
        -:  388:}
        -:  389:
function isGameOver called 0 returned 0% blocks executed 0%
    #####:  390:int isGameOver(struct gameState *state) {
        -:  391:  int i;
        -:  392:  int j;
        -:  393:	
        -:  394:  //if stack of Province cards is empty, the game ends
    #####:  395:  if (state->supplyCount[province] == 0)
branch  0 never executed
branch  1 never executed
        -:  396:    {
    #####:  397:      return 1;
        -:  398:    }
        -:  399:
        -:  400:  //if three supply pile are at 0, the game ends
    #####:  401:  j = 0;
    #####:  402:  for (i = 0; i < 25; i++)
branch  0 never executed
branch  1 never executed
        -:  403:    {
    #####:  404:      if (state->supplyCount[i] == 0)
branch  0 never executed
branch  1 never executed
        -:  405:	{
    #####:  406:	  j++;
        -:  407:	}
        -:  408:    }
    #####:  409:  if ( j >= 3)
branch  0 never executed
branch  1 never executed
        -:  410:    {
    #####:  411:      return 1;
        -:  412:    }
        -:  413:
    #####:  414:  return 0;
        -:  415:}
        -:  416:
function scoreFor called 0 returned 0% blocks executed 0%
    #####:  417:int scoreFor (int player, struct gameState *state) {
        -:  418:
        -:  419:  int i;
    #####:  420:  int score = 0;
        -:  421:  //score from hand
    #####:  422:  for (i = 0; i < state->handCount[player]; i++)
branch  0 never executed
branch  1 never executed
        -:  423:    {
    #####:  424:      if (state->hand[player][i] == curse) { score = score - 1; };
branch  0 never executed
branch  1 never executed
    #####:  425:      if (state->hand[player][i] == estate) { score = score + 1; };
branch  0 never executed
branch  1 never executed
    #####:  426:      if (state->hand[player][i] == duchy) { score = score + 3; };
branch  0 never executed
branch  1 never executed
    #####:  427:      if (state->hand[player][i] == province) { score = score + 6; };
branch  0 never executed
branch  1 never executed
    #####:  428:      if (state->hand[player][i] == great_hall) { score = score + 1; };
branch  0 never executed
branch  1 never executed
    #####:  429:      if (state->hand[player][i] == gardens) { score = score + ( fullDeckCount(player, 0, state) / 10 ); };
branch  0 never executed
branch  1 never executed
call    2 never executed
        -:  430:    }
        -:  431:
        -:  432:  //score from discard
    #####:  433:  for (i = 0; i < state->discardCount[player]; i++)
branch  0 never executed
branch  1 never executed
        -:  434:    {
    #####:  435:      if (state->discard[player][i] == curse) { score = score - 1; };
branch  0 never executed
branch  1 never executed
    #####:  436:      if (state->discard[player][i] == estate) { score = score + 1; };
branch  0 never executed
branch  1 never executed
    #####:  437:      if (state->discard[player][i] == duchy) { score = score + 3; };
branch  0 never executed
branch  1 never executed
    #####:  438:      if (state->discard[player][i] == province) { score = score + 6; };
branch  0 never executed
branch  1 never executed
    #####:  439:      if (state->discard[player][i] == great_hall) { score = score + 1; };
branch  0 never executed
branch  1 never executed
    #####:  440:      if (state->discard[player][i] == gardens) { score = score + ( fullDeckCount(player, 0, state) / 10 ); };
branch  0 never executed
branch  1 never executed
call    2 never executed
        -:  441:    }
        -:  442:
        -:  443:  //score from deck
    #####:  444:  for (i = 0; i < state->discardCount[player]; i++)
branch  0 never executed
branch  1 never executed
        -:  445:    {
    #####:  446:      if (state->deck[player][i] == curse) { score = score - 1; };
branch  0 never executed
branch  1 never executed
    #####:  447:      if (state->deck[player][i] == estate) { score = score + 1; };
branch  0 never executed
branch  1 never executed
    #####:  448:      if (state->deck[player][i] == duchy) { score = score + 3; };
branch  0 never executed
branch  1 never executed
    #####:  449:      if (state->deck[player][i] == province) { score = score + 6; };
branch  0 never executed
branch  1 never executed
    #####:  450:      if (state->deck[player][i] == great_hall) { score = score + 1; };
branch  0 never executed
branch  1 never executed
    #####:  451:      if (state->deck[player][i] == gardens) { score = score + ( fullDeckCount(player, 0, state) / 10 ); };
branch  0 never executed
branch  1 never executed
call    2 never executed
        -:  452:    }
        -:  453:
    #####:  454:  return score;
        -:  455:}
        -:  456:
function getWinners called 0 returned 0% blocks executed 0%
    #####:  457:int getWinners(int players[MAX_PLAYERS], struct gameState *state) {
        -:  458:  int i;	
        -:  459:  int j;
        -:  460:  int highScore;
        -:  461:  int currentPlayer;
        -:  462:
        -:  463:  //get score for each player
    #####:  464:  for (i = 0; i < MAX_PLAYERS; i++)
branch  0 never executed
branch  1 never executed
        -:  465:    {
        -:  466:      //set unused player scores to -9999
    #####:  467:      if (i >= state->numPlayers)
branch  0 never executed
branch  1 never executed
        -:  468:	{
    #####:  469:	  players[i] = -9999;
        -:  470:	}
        -:  471:      else
        -:  472:	{
    #####:  473:	  players[i] = scoreFor (i, state);
call    0 never executed
        -:  474:	}
        -:  475:    }
        -:  476:
        -:  477:  //find highest score
    #####:  478:  j = 0;
    #####:  479:  for (i = 0; i < MAX_PLAYERS; i++)
branch  0 never executed
branch  1 never executed
        -:  480:    {
    #####:  481:      if (players[i] > players[j])
branch  0 never executed
branch  1 never executed
        -:  482:	{
    #####:  483:	  j = i;
        -:  484:	}
        -:  485:    }
    #####:  486:  highScore = players[j];
        -:  487:
        -:  488:  //add 1 to players who had less turns
    #####:  489:  currentPlayer = whoseTurn(state);
call    0 never executed
    #####:  490:  for (i = 0; i < MAX_PLAYERS; i++)
branch  0 never executed
branch  1 never executed
        -:  491:    {
    #####:  492:      if ( players[i] == highScore && i > currentPlayer )
branch  0 never executed
branch  1 never executed
branch  2 never executed
branch  3 never executed
        -:  493:	{
    #####:  494:	  players[i]++;
        -:  495:	}
        -:  496:    }
        -:  497:
        -:  498:  //find new highest score
    #####:  499:  j = 0;
    #####:  500:  for (i = 0; i < MAX_PLAYERS; i++)
branch  0 never executed
branch  1 never executed
        -:  501:    {
    #####:  502:      if ( players[i] > players[j] )
branch  0 never executed
branch  1 never executed
        -:  503:	{
    #####:  504:	  j = i;
        -:  505:	}
        -:  506:    }
    #####:  507:  highScore = players[j];
        -:  508:
        -:  509:  //set winners in array to 1 and rest to 0
    #####:  510:  for (i = 0; i < MAX_PLAYERS; i++)
branch  0 never executed
branch  1 never executed
        -:  511:    {
    #####:  512:      if ( players[i] == highScore )
branch  0 never executed
branch  1 never executed
        -:  513:	{
    #####:  514:	  players[i] = 1;
        -:  515:	}
        -:  516:      else
        -:  517:	{
    #####:  518:	  players[i] = 0;
        -:  519:	}
        -:  520:    }
        -:  521:
    #####:  522:  return 0;
        -:  523:}
        -:  524:
function drawCard called 376194 returned 100% blocks executed 100%
   376194:  525:int drawCard(int player, struct gameState *state)
        -:  526:{	int count;
        -:  527:  int deckCounter;
   376194:  528:  if (state->deckCount[player] <= 0){//Deck is empty
branch  0 taken 3% (fallthrough)
branch  1 taken 97%
        -:  529:    
        -:  530:    //Step 1 Shuffle the discard pile back into a deck
        -:  531:    int i;
        -:  532:    //Move discard to deck
  2993153:  533:    for (i = 0; i < state->discardCount[player];i++){
branch  0 taken 99%
branch  1 taken 1% (fallthrough)
  2981220:  534:      state->deck[player][i] = state->discard[player][i];
  2981220:  535:      state->discard[player][i] = -1;
        -:  536:    }
        -:  537:
    11933:  538:    state->deckCount[player] = state->discardCount[player];
    11933:  539:    state->discardCount[player] = 0;//Reset discard
        -:  540:
        -:  541:    //Shufffle the deck
    11933:  542:    shuffle(player, state);//Shuffle the deck up and make it so that we can draw
call    0 returned 100%
        -:  543:   
        -:  544:    if (DEBUG){//Debug statements
    11933:  545:      printf("Deck count now: %d\n", state->deckCount[player]);
call    0 returned 100%
        -:  546:    }
        -:  547:    
    11933:  548:    state->discardCount[player] = 0;
        -:  549:
        -:  550:    //Step 2 Draw Card
    11933:  551:    count = state->handCount[player];//Get current player's hand count
        -:  552:    
        -:  553:    if (DEBUG){//Debug statements
    11933:  554:      printf("Current hand count: %d\n", count);
call    0 returned 100%
        -:  555:    }
        -:  556:    
    11933:  557:    deckCounter = state->deckCount[player];//Create a holder for the deck count
        -:  558:
    11933:  559:    if (deckCounter == 0)
branch  0 taken 1% (fallthrough)
branch  1 taken 99%
       44:  560:      return -1;
        -:  561:
    11889:  562:    state->hand[player][count] = state->deck[player][deckCounter - 1];//Add card to hand
    11889:  563:    state->deckCount[player]--;
    11889:  564:    state->handCount[player]++;//Increment hand count
        -:  565:  }
        -:  566:
        -:  567:  else{
   364261:  568:    int count = state->handCount[player];//Get current hand count for player
        -:  569:    int deckCounter;
        -:  570:    if (DEBUG){//Debug statements
   364261:  571:      printf("Current hand count: %d\n", count);
call    0 returned 100%
        -:  572:    }
        -:  573:
   364261:  574:    deckCounter = state->deckCount[player];//Create holder for the deck count
   364261:  575:    state->hand[player][count] = state->deck[player][deckCounter - 1];//Add card to the hand
   364261:  576:    state->deckCount[player]--;
   364261:  577:    state->handCount[player]++;//Increment hand count
        -:  578:  }
        -:  579:
   376150:  580:  return 0;
        -:  581:}
        -:  582:
function getCost called 0 returned 0% blocks executed 0%
    #####:  583:int getCost(int cardNumber)
        -:  584:{
    #####:  585:  switch( cardNumber ) 
branch  0 never executed
branch  1 never executed
branch  2 never executed
branch  3 never executed
branch  4 never executed
branch  5 never executed
branch  6 never executed
branch  7 never executed
branch  8 never executed
branch  9 never executed
branch 10 never executed
branch 11 never executed
branch 12 never executed
branch 13 never executed
branch 14 never executed
branch 15 never executed
branch 16 never executed
branch 17 never executed
branch 18 never executed
branch 19 never executed
branch 20 never executed
branch 21 never executed
branch 22 never executed
branch 23 never executed
branch 24 never executed
branch 25 never executed
branch 26 never executed
branch 27 never executed
        -:  586:    {
        -:  587:    case curse:
    #####:  588:      return 0;
        -:  589:    case estate:
    #####:  590:      return 2;
        -:  591:    case duchy:
    #####:  592:      return 5;
        -:  593:    case province:
    #####:  594:      return 8;
        -:  595:    case copper:
    #####:  596:      return 0;
        -:  597:    case silver:
    #####:  598:      return 3;
        -:  599:    case gold:
    #####:  600:      return 6;
        -:  601:    case adventurer:
    #####:  602:      return 6;
        -:  603:    case council_room:
    #####:  604:      return 5;
        -:  605:    case feast:
    #####:  606:      return 4;
        -:  607:    case gardens:
    #####:  608:      return 4;
        -:  609:    case mine:
    #####:  610:      return 5;
        -:  611:    case remodel:
    #####:  612:      return 4;
        -:  613:    case smithy:
    #####:  614:      return 4;
        -:  615:    case village:
    #####:  616:      return 3;
        -:  617:    case baron:
    #####:  618:      return 4;
        -:  619:    case great_hall:
    #####:  620:      return 3;
        -:  621:    case minion:
    #####:  622:      return 5;
        -:  623:    case steward:
    #####:  624:      return 3;
        -:  625:    case tribute:
    #####:  626:      return 5;
        -:  627:    case ambassador:
    #####:  628:      return 3;
        -:  629:    case cutpurse:
    #####:  630:      return 4;
        -:  631:    case embargo: 
    #####:  632:      return 2;
        -:  633:    case outpost:
    #####:  634:      return 5;
        -:  635:    case salvager:
    #####:  636:      return 4;
        -:  637:    case sea_hag:
    #####:  638:      return 4;
        -:  639:    case treasure_map:
    #####:  640:      return 4;
        -:  641:    }
        -:  642:	
    #####:  643:  return -1;
        -:  644:}
        -:  645:
        -:  646:
        -:  647:
        -:  648:
function adventurerEffect called 6042 returned 100% blocks executed 100%
     6042:  649:void adventurerEffect(struct gameState *state, int currentPlayer, int drawntreasure, int cardDrawn, int temphand[], int z)
        -:  650:{
   346194:  651:    while(drawntreasure<2){
branch  0 taken 98%
branch  1 taken 2% (fallthrough)
   334110:  652:        if (state->deckCount[currentPlayer] <1){//if the deck is empty we need to shuffle discard and add to deck
branch  0 taken 1% (fallthrough)
branch  1 taken 99%
     3981:  653:            shuffle(currentPlayer, state);
call    0 returned 100%
        -:  654:        }
   334110:  655:        drawCard(currentPlayer, state);
call    0 returned 100%
   334110:  656:        cardDrawn = state->hand[currentPlayer][state->handCount[currentPlayer]-1];//top card of hand is most recently drawn card.
   334110:  657:        if (cardDrawn == copper || cardDrawn == silver || cardDrawn == gold)
branch  0 taken 99% (fallthrough)
branch  1 taken 1%
branch  2 taken 99% (fallthrough)
branch  3 taken 1%
branch  4 taken 1% (fallthrough)
branch  5 taken 99%
     6042:  658:            drawntreasure = drawntreasure+2;
        -:  659:        else{
   328068:  660:            temphand[z]=cardDrawn;
   328068:  661:            state->handCount[currentPlayer]--; //this should just remove the top card (the most recently drawn one).
   328068:  662:            z++;
        -:  663:        }
        -:  664:    }
   340152:  665:    while(z-1>=0){
branch  0 taken 98%
branch  1 taken 2% (fallthrough)
   328068:  666:        state->discard[currentPlayer][state->discardCount[currentPlayer]++]=temphand[z-1]; // discard all cards in play that have been drawn
   328068:  667:        z=z-1;
        -:  668:    }
     6042:  669:}
        -:  670:
function smithyEffect called 0 returned 0% blocks executed 0%
    #####:  671:void smithyEffect(struct gameState *state, int currentPlayer, int handPos)
        -:  672:{
        -:  673:    int i;
        -:  674:    //+3 Cards
    #####:  675:    for (i = 0; i < 3; i++)
branch  0 never executed
branch  1 never executed
        -:  676:    {
    #####:  677:        drawCard(currentPlayer, state);
call    0 never executed
        -:  678:    }
        -:  679:    
        -:  680:    //discard card from hand
    #####:  681:    discardCard(handPos+1, currentPlayer, state, 0);
call    0 never executed
    #####:  682:}
        -:  683:
function baronEffect called 0 returned 0% blocks executed 0%
    #####:  684:void baronEffect(struct gameState *state, int choice1, int currentPlayer)
        -:  685:{
    #####:  686:    state->numBuys++;//Increase buys by 1!
    #####:  687:    if (choice1 > 0){//Boolean true or going to discard an estate
branch  0 never executed
branch  1 never executed
    #####:  688:        int p = 0;//Iterator for hand!
    #####:  689:        int card_not_discarded = 0;//Flag for discard set!
    #####:  690:        while(card_not_discarded){
branch  0 never executed
branch  1 never executed
    #####:  691:            if (state->hand[currentPlayer][p] == estate){//Found an estate card!
branch  0 never executed
branch  1 never executed
    #####:  692:                state->coins += 4;//Add 4 coins to the amount of coins
    #####:  693:                state->discard[currentPlayer][state->discardCount[currentPlayer]] = state->hand[currentPlayer][p];
    #####:  694:                state->discardCount[currentPlayer]++;
    #####:  695:                for (;p < state->handCount[currentPlayer]; p++){
branch  0 never executed
branch  1 never executed
    #####:  696:                    state->hand[currentPlayer][p] = state->hand[currentPlayer][p+1];
        -:  697:                }
    #####:  698:                state->hand[currentPlayer][state->handCount[currentPlayer]] = -1;
    #####:  699:                state->handCount[currentPlayer]--;
    #####:  700:                card_not_discarded = 0;//Exit the loop
        -:  701:            }
    #####:  702:            else if (p > state->handCount[currentPlayer]){
branch  0 never executed
branch  1 never executed
        -:  703:                if(DEBUG) {
    #####:  704:                    printf("No estate cards in your hand, invalid choice\n");
call    0 never executed
    #####:  705:                    printf("Must gain an estate if there are any\n");
call    0 never executed
        -:  706:                }
    #####:  707:                if (supplyCount(estate, state) > 0){
call    0 never executed
branch  1 never executed
branch  2 never executed
    #####:  708:                    gainCard(estate, state, 0, currentPlayer);
call    0 never executed
    #####:  709:                    state->supplyCount[estate]--;//Decrement estates
    #####:  710:                    if (supplyCount(estate, state) == 0){
call    0 never executed
branch  1 never executed
branch  2 never executed
    #####:  711:                        isGameOver(state);
call    0 never executed
        -:  712:                    }
        -:  713:                }
    #####:  714:                card_not_discarded = 0;//Exit the loop
        -:  715:            }
        -:  716:            
        -:  717:            else{
    #####:  718:                p++;//Next card
        -:  719:            }
        -:  720:        }
        -:  721:    }
        -:  722:    
        -:  723:    else{
    #####:  724:        if (supplyCount(estate, state) > 0){
call    0 never executed
branch  1 never executed
branch  2 never executed
    #####:  725:            gainCard(estate, state, 0, currentPlayer);//Gain an estate
call    0 never executed
    #####:  726:            state->supplyCount[estate]--;//Decrement Estates
    #####:  727:            if (supplyCount(estate, state) == 0){
call    0 never executed
branch  1 never executed
branch  2 never executed
    #####:  728:                isGameOver(state);
call    0 never executed
        -:  729:            }
        -:  730:        }
        -:  731:    }
    #####:  732:}
        -:  733:
        -:  734:
function councilroomEffect called 0 returned 0% blocks executed 0%
    #####:  735:void councilroomEffect(struct gameState *state, int currentPlayer, int handPos)
        -:  736:{
        -:  737:    int i;
        -:  738:    //+4 Cards
    #####:  739:    for (i = 0; i < 4; i++)
branch  0 never executed
branch  1 never executed
        -:  740:    {
    #####:  741:        drawCard(currentPlayer, state);
call    0 never executed
        -:  742:    }
        -:  743:    
        -:  744:    //+1 Buy
    #####:  745:    state->numBuys--;
        -:  746:    
        -:  747:    //Each other player draws a card
    #####:  748:    for (i = 0; i < state->numPlayers; i++)
branch  0 never executed
branch  1 never executed
        -:  749:    {
    #####:  750:        if ( i != currentPlayer )
branch  0 never executed
branch  1 never executed
        -:  751:        {
    #####:  752:            drawCard(i, state);
call    0 never executed
        -:  753:        }
        -:  754:    }
        -:  755:    
        -:  756:    //put played card in played card pile
    #####:  757:    discardCard(handPos, currentPlayer, state, 0);
call    0 never executed
    #####:  758:}
        -:  759:
function mineEffect called 0 returned 0% blocks executed 0%
    #####:  760:int mineEffect(int j, struct gameState *state, int currentPlayer, int choice1, int choice2, int handPos)
        -:  761:{
        -:  762:    int i;
    #####:  763:    j = state->hand[currentPlayer][choice1];  //store card we will trash
        -:  764:    
    #####:  765:    if (state->hand[currentPlayer][choice1] < copper || state->hand[currentPlayer][choice1] > gold)
branch  0 never executed
branch  1 never executed
branch  2 never executed
branch  3 never executed
        -:  766:    {
    #####:  767:        return -1;
        -:  768:    }
        -:  769:    
    #####:  770:    if (choice2 > treasure_map || choice2 < curse)
branch  0 never executed
branch  1 never executed
branch  2 never executed
branch  3 never executed
        -:  771:    {
    #####:  772:        return -1;
        -:  773:    }
        -:  774:    
    #####:  775:    if ( (getCost(state->hand[currentPlayer][choice1]) + 3) > getCost(choice2) )
call    0 never executed
call    1 never executed
branch  2 never executed
branch  3 never executed
        -:  776:    {
    #####:  777:        return -1;
        -:  778:    }
        -:  779:    
    #####:  780:    gainCard(choice2, state, 2, currentPlayer);
call    0 never executed
        -:  781:    
        -:  782:    //discard card from hand
    #####:  783:    discardCard(handPos, currentPlayer, state, 0);
call    0 never executed
        -:  784:    
        -:  785:    //discard trashed card
    #####:  786:    for (i = 0; i < state->handCount[currentPlayer]; i++)
branch  0 never executed
branch  1 never executed
        -:  787:    {
    #####:  788:        if (state->hand[currentPlayer][i] == j)
branch  0 never executed
branch  1 never executed
        -:  789:        {
    #####:  790:            discardCard(i, currentPlayer, state, 0);
call    0 never executed
    #####:  791:            break;
        -:  792:        }
        -:  793:    }
        -:  794:    
    #####:  795:    return 0;
        -:  796:}
        -:  797:
        -:  798:
        -:  799:
        -:  800:
        -:  801:
function cardEffect called 18126 returned 100% blocks executed 7%
    18126:  802:int cardEffect(int card, int choice1, int choice2, int choice3, struct gameState *state, int handPos, int *bonus)
        -:  803:{
        -:  804:  int i;
        -:  805:  int j;
        -:  806:  int k;
        -:  807:  int x;
        -:  808:  int index;
    18126:  809:  int currentPlayer = whoseTurn(state);
call    0 returned 100%
    18126:  810:  int nextPlayer = currentPlayer + 1;
        -:  811:
    18126:  812:  int tributeRevealedCards[2] = {-1, -1};
        -:  813:  int temphand[MAX_HAND];// moved above the if statement
    18126:  814:  int drawntreasure=0;
        -:  815:  int cardDrawn;
    18126:  816:  int z = 0;// this is the counter for the temp hand
    18126:  817:  if (nextPlayer > (state->numPlayers - 1)){
branch  0 taken 33% (fallthrough)
branch  1 taken 67%
     6006:  818:    nextPlayer = 0;
        -:  819:  }
        -:  820:  
        -:  821:	
        -:  822:  //uses switch to select card and perform actions
    18126:  823:  switch( card ) 
branch  0 taken 33%
branch  1 taken 0%
branch  2 taken 0%
branch  3 taken 0%
branch  4 taken 0%
branch  5 taken 0%
branch  6 taken 0%
branch  7 taken 33%
branch  8 taken 0%
branch  9 taken 33%
branch 10 taken 0%
branch 11 taken 0%
branch 12 taken 0%
branch 13 taken 0%
branch 14 taken 0%
branch 15 taken 0%
branch 16 taken 0%
branch 17 taken 0%
branch 18 taken 0%
branch 19 taken 0%
branch 20 taken 0%
        -:  824:    {
        -:  825:    case adventurer:
     6042:  826:            adventurerEffect(state, currentPlayer, drawntreasure, cardDrawn, temphand, z);
call    0 returned 100%
     6042:  827:            return 0;
        -:  828:			
        -:  829:    case council_room:
    #####:  830:            councilroomEffect(state, currentPlayer, handPos);
call    0 never executed
    #####:  831:            return 0;
        -:  832:			
        -:  833:    case feast:
        -:  834:      //gain card with cost up to 5
        -:  835:      //Backup hand
    #####:  836:      for (i = 0; i <= state->handCount[currentPlayer]; i++){
branch  0 never executed
branch  1 never executed
    #####:  837:	temphand[i] = state->hand[currentPlayer][i];//Backup card
    #####:  838:	state->hand[currentPlayer][i] = -1;//Set to nothing
        -:  839:      }
        -:  840:      //Backup hand
        -:  841:
        -:  842:      //Update Coins for Buy
    #####:  843:      updateCoins(currentPlayer, state, 5);
call    0 never executed
    #####:  844:      x = 1;//Condition to loop on
    #####:  845:      while( x == 1) {//Buy one card
branch  0 never executed
branch  1 never executed
    #####:  846:	if (supplyCount(choice1, state) <= 0){
call    0 never executed
branch  1 never executed
branch  2 never executed
        -:  847:	  if (DEBUG)
    #####:  848:	    printf("None of that card left, sorry!\n");
call    0 never executed
        -:  849:
        -:  850:	  if (DEBUG){
    #####:  851:	    printf("Cards Left: %d\n", supplyCount(choice1, state));
call    0 never executed
call    1 never executed
        -:  852:	  }
        -:  853:	}
    #####:  854:	else if (state->coins < getCost(choice1)){
call    0 never executed
branch  1 never executed
branch  2 never executed
    #####:  855:	  printf("That card is too expensive!\n");
call    0 never executed
        -:  856:
        -:  857:	  if (DEBUG){
    #####:  858:	    printf("Coins: %d < %d\n", state->coins, getCost(choice1));
call    0 never executed
call    1 never executed
        -:  859:	  }
        -:  860:	}
        -:  861:	else{
        -:  862:
        -:  863:	  if (DEBUG){
    #####:  864:	    printf("Deck Count: %d\n", state->handCount[currentPlayer] + state->deckCount[currentPlayer] + state->discardCount[currentPlayer]);
call    0 never executed
        -:  865:	  }
        -:  866:
    #####:  867:	  gainCard(choice1, state, 0, currentPlayer);//Gain the card
call    0 never executed
    #####:  868:	  x = 0;//No more buying cards
        -:  869:
        -:  870:	  if (DEBUG){
    #####:  871:	    printf("Deck Count: %d\n", state->handCount[currentPlayer] + state->deckCount[currentPlayer] + state->discardCount[currentPlayer]);
call    0 never executed
        -:  872:	  }
        -:  873:
        -:  874:	}
        -:  875:      }     
        -:  876:
        -:  877:      //Reset Hand
    #####:  878:      for (i = 0; i <= state->handCount[currentPlayer]; i++){
branch  0 never executed
branch  1 never executed
    #####:  879:	state->hand[currentPlayer][i] = temphand[i];
    #####:  880:	temphand[i] = -1;
        -:  881:      }
        -:  882:      //Reset Hand
        -:  883:      			
    #####:  884:      return 0;
        -:  885:			
        -:  886:    case gardens:
    #####:  887:      return -1;
        -:  888:			
        -:  889:    case mine:
    #####:  890:            i = mineEffect(j, state, currentPlayer, choice1, choice2, handPos);
call    0 never executed
    #####:  891:            return i;
        -:  892:      
        -:  893:			
        -:  894:    case remodel:
    #####:  895:      j = state->hand[currentPlayer][choice1];  //store card we will trash
        -:  896:
    #####:  897:      if ( (getCost(state->hand[currentPlayer][choice1]) + 2) > getCost(choice2) )
call    0 never executed
call    1 never executed
branch  2 never executed
branch  3 never executed
        -:  898:	{
    #####:  899:	  return -1;
        -:  900:	}
        -:  901:
    #####:  902:      gainCard(choice2, state, 0, currentPlayer);
call    0 never executed
        -:  903:
        -:  904:      //discard card from hand
    #####:  905:      discardCard(handPos, currentPlayer, state, 0);
call    0 never executed
        -:  906:
        -:  907:      //discard trashed card
    #####:  908:      for (i = 0; i < state->handCount[currentPlayer]; i++)
branch  0 never executed
branch  1 never executed
        -:  909:	{
    #####:  910:	  if (state->hand[currentPlayer][i] == j)
branch  0 never executed
branch  1 never executed
        -:  911:	    {
    #####:  912:	      discardCard(i, currentPlayer, state, 0);			
call    0 never executed
    #####:  913:	      break;
        -:  914:	    }
        -:  915:	}
        -:  916:
        -:  917:
    #####:  918:      return 0;
        -:  919:		
        -:  920:    case smithy:
    #####:  921:            smithyEffect(state, currentPlayer, handPos);
call    0 never executed
    #####:  922:            return 0;
        -:  923:		
        -:  924:    case village:
        -:  925:      //+1 Card
     6042:  926:      drawCard(currentPlayer, state);
call    0 returned 100%
        -:  927:			
        -:  928:      //+2 Actions
     6042:  929:      state->numActions = state->numActions + 2;
        -:  930:			
        -:  931:      //discard played card from hand
     6042:  932:      discardCard(handPos, currentPlayer, state, 0);
call    0 returned 100%
     6042:  933:      return 0;
        -:  934:		
        -:  935:    case baron:
    #####:  936:            baronEffect(state, choice1, currentPlayer);
call    0 never executed
    #####:  937:            return 0;
        -:  938:		
        -:  939:    case great_hall:
        -:  940:      //+1 Card
     6042:  941:      drawCard(currentPlayer, state);
call    0 returned 100%
        -:  942:			
        -:  943:      //+1 Actions
     6042:  944:      state->numActions++;
        -:  945:			
        -:  946:      //discard card from hand
     6042:  947:      discardCard(handPos, currentPlayer, state, 0);
call    0 returned 100%
     6042:  948:      return 0;
        -:  949:		
        -:  950:    case minion:
        -:  951:      //+1 action
    #####:  952:      state->numActions++;
        -:  953:			
        -:  954:      //discard card from hand
    #####:  955:      discardCard(handPos, currentPlayer, state, 0);
call    0 never executed
        -:  956:			
    #####:  957:      if (choice1)		//+2 coins
branch  0 never executed
branch  1 never executed
        -:  958:	{
    #####:  959:	  state->coins = state->coins + 2;
        -:  960:	}
        -:  961:			
    #####:  962:      else if (choice2)		//discard hand, redraw 4, other players with 5+ cards discard hand and draw 4
branch  0 never executed
branch  1 never executed
        -:  963:	{
        -:  964:	  //discard hand
    #####:  965:	  while(numHandCards(state) > 0)
call    0 never executed
branch  1 never executed
branch  2 never executed
        -:  966:	    {
    #####:  967:	      discardCard(handPos, currentPlayer, state, 0);
call    0 never executed
        -:  968:	    }
        -:  969:				
        -:  970:	  //draw 4
    #####:  971:	  for (i = 0; i < 4; i++)
branch  0 never executed
branch  1 never executed
        -:  972:	    {
    #####:  973:	      drawCard(currentPlayer, state);
call    0 never executed
        -:  974:	    }
        -:  975:				
        -:  976:	  //other players discard hand and redraw if hand size > 4
    #####:  977:	  for (i = 0; i < state->numPlayers; i++)
branch  0 never executed
branch  1 never executed
        -:  978:	    {
    #####:  979:	      if (i != currentPlayer)
branch  0 never executed
branch  1 never executed
        -:  980:		{
    #####:  981:		  if ( state->handCount[i] > 4 )
branch  0 never executed
branch  1 never executed
        -:  982:		    {
        -:  983:		      //discard hand
    #####:  984:		      while( state->handCount[i] > 0 )
branch  0 never executed
branch  1 never executed
        -:  985:			{
    #####:  986:			  discardCard(handPos, i, state, 0);
call    0 never executed
        -:  987:			}
        -:  988:							
        -:  989:		      //draw 4
    #####:  990:		      for (j = 0; j < 4; j++)
branch  0 never executed
branch  1 never executed
        -:  991:			{
    #####:  992:			  drawCard(i, state);
call    0 never executed
        -:  993:			}
        -:  994:		    }
        -:  995:		}
        -:  996:	    }
        -:  997:				
        -:  998:	}
    #####:  999:      return 0;
        -: 1000:		
        -: 1001:    case steward:
    #####: 1002:      if (choice1 == 1)
branch  0 never executed
branch  1 never executed
        -: 1003:	{
        -: 1004:	  //+2 cards
    #####: 1005:	  drawCard(currentPlayer, state);
call    0 never executed
    #####: 1006:	  drawCard(currentPlayer, state);
call    0 never executed
        -: 1007:	}
    #####: 1008:      else if (choice1 == 2)
branch  0 never executed
branch  1 never executed
        -: 1009:	{
        -: 1010:	  //+2 coins
    #####: 1011:	  state->coins = state->coins + 2;
        -: 1012:	}
        -: 1013:      else
        -: 1014:	{
        -: 1015:	  //trash 2 cards in hand
    #####: 1016:	  discardCard(choice2, currentPlayer, state, 1);
call    0 never executed
    #####: 1017:	  discardCard(choice3, currentPlayer, state, 1);
call    0 never executed
        -: 1018:	}
        -: 1019:			
        -: 1020:      //discard card from hand
    #####: 1021:      discardCard(handPos, currentPlayer, state, 0);
call    0 never executed
    #####: 1022:      return 0;
        -: 1023:		
        -: 1024:    case tribute:
    #####: 1025:      if ((state->discardCount[nextPlayer] + state->deckCount[nextPlayer]) <= 1){
branch  0 never executed
branch  1 never executed
    #####: 1026:	if (state->deckCount[nextPlayer] > 0){
branch  0 never executed
branch  1 never executed
    #####: 1027:	  tributeRevealedCards[0] = state->deck[nextPlayer][state->deckCount[nextPlayer]-1];
    #####: 1028:	  state->deckCount[nextPlayer]--;
        -: 1029:	}
    #####: 1030:	else if (state->discardCount[nextPlayer] > 0){
branch  0 never executed
branch  1 never executed
    #####: 1031:	  tributeRevealedCards[0] = state->discard[nextPlayer][state->discardCount[nextPlayer]-1];
    #####: 1032:	  state->discardCount[nextPlayer]--;
        -: 1033:	}
        -: 1034:	else{
        -: 1035:	  //No Card to Reveal
        -: 1036:	  if (DEBUG){
    #####: 1037:	    printf("No cards to reveal\n");
call    0 never executed
        -: 1038:	  }
        -: 1039:	}
        -: 1040:      }
        -: 1041:	    
        -: 1042:      else{
    #####: 1043:	if (state->deckCount[nextPlayer] == 0){
branch  0 never executed
branch  1 never executed
    #####: 1044:	  for (i = 0; i < state->discardCount[nextPlayer]; i++){
branch  0 never executed
branch  1 never executed
    #####: 1045:	    state->deck[nextPlayer][i] = state->discard[nextPlayer][i];//Move to deck
    #####: 1046:	    state->deckCount[nextPlayer]++;
    #####: 1047:	    state->discard[nextPlayer][i] = -1;
    #####: 1048:	    state->discardCount[nextPlayer]--;
        -: 1049:	  }
        -: 1050:			    
    #####: 1051:	  shuffle(nextPlayer,state);//Shuffle the deck
call    0 never executed
        -: 1052:	} 
    #####: 1053:	tributeRevealedCards[0] = state->deck[nextPlayer][state->deckCount[nextPlayer]-1];
    #####: 1054:	state->deck[nextPlayer][state->deckCount[nextPlayer]--] = -1;
    #####: 1055:	state->deckCount[nextPlayer]--;
    #####: 1056:	tributeRevealedCards[1] = state->deck[nextPlayer][state->deckCount[nextPlayer]-1];
    #####: 1057:	state->deck[nextPlayer][state->deckCount[nextPlayer]--] = -1;
    #####: 1058:	state->deckCount[nextPlayer]--;
        -: 1059:      }    
        -: 1060:		       
    #####: 1061:      if (tributeRevealedCards[0] == tributeRevealedCards[1]){//If we have a duplicate card, just drop one 
branch  0 never executed
branch  1 never executed
    #####: 1062:	state->playedCards[state->playedCardCount] = tributeRevealedCards[1];
    #####: 1063:	state->playedCardCount++;
    #####: 1064:	tributeRevealedCards[1] = -1;
        -: 1065:      }
        -: 1066:
    #####: 1067:      for (i = 0; i <= 2; i ++){
branch  0 never executed
branch  1 never executed
    #####: 1068:	if (tributeRevealedCards[i] == copper || tributeRevealedCards[i] == silver || tributeRevealedCards[i] == gold){//Treasure cards
branch  0 never executed
branch  1 never executed
branch  2 never executed
branch  3 never executed
branch  4 never executed
branch  5 never executed
    #####: 1069:	  state->coins += 2;
        -: 1070:	}
        -: 1071:		    
    #####: 1072:	else if (tributeRevealedCards[i] == estate || tributeRevealedCards[i] == duchy || tributeRevealedCards[i] == province || tributeRevealedCards[i] == gardens || tributeRevealedCards[i] == great_hall){//Victory Card Found
branch  0 never executed
branch  1 never executed
branch  2 never executed
branch  3 never executed
branch  4 never executed
branch  5 never executed
branch  6 never executed
branch  7 never executed
branch  8 never executed
branch  9 never executed
    #####: 1073:	  drawCard(currentPlayer, state);
call    0 never executed
    #####: 1074:	  drawCard(currentPlayer, state);
call    0 never executed
        -: 1075:	}
        -: 1076:	else{//Action Card
    #####: 1077:	  state->numActions = state->numActions + 2;
        -: 1078:	}
        -: 1079:      }
        -: 1080:	    
    #####: 1081:      return 0;
        -: 1082:		
        -: 1083:    case ambassador:
    #####: 1084:      j = 0;		//used to check if player has enough cards to discard
        -: 1085:
    #####: 1086:      if (choice2 > 2 || choice2 < 0)
branch  0 never executed
branch  1 never executed
branch  2 never executed
branch  3 never executed
        -: 1087:	{
    #####: 1088:	  return -1;				
        -: 1089:	}
        -: 1090:
    #####: 1091:      if (choice1 == handPos)
branch  0 never executed
branch  1 never executed
        -: 1092:	{
    #####: 1093:	  return -1;
        -: 1094:	}
        -: 1095:
    #####: 1096:      for (i = 0; i < state->handCount[currentPlayer]; i++)
branch  0 never executed
branch  1 never executed
        -: 1097:	{
    #####: 1098:	  if (i != handPos && i == state->hand[currentPlayer][choice1] && i != choice1)
branch  0 never executed
branch  1 never executed
branch  2 never executed
branch  3 never executed
branch  4 never executed
branch  5 never executed
        -: 1099:	    {
    #####: 1100:	      j++;
        -: 1101:	    }
        -: 1102:	}
    #####: 1103:      if (j < choice2)
branch  0 never executed
branch  1 never executed
        -: 1104:	{
    #####: 1105:	  return -1;				
        -: 1106:	}
        -: 1107:
        -: 1108:      if (DEBUG) 
    #####: 1109:	printf("Player %d reveals card number: %d\n", currentPlayer, state->hand[currentPlayer][choice1]);
call    0 never executed
        -: 1110:
        -: 1111:      //increase supply count for choosen card by amount being discarded
    #####: 1112:      state->supplyCount[state->hand[currentPlayer][choice1]] += choice2;
        -: 1113:			
        -: 1114:      //each other player gains a copy of revealed card
    #####: 1115:      for (i = 0; i < state->numPlayers; i++)
branch  0 never executed
branch  1 never executed
        -: 1116:	{
    #####: 1117:	  if (i != currentPlayer)
branch  0 never executed
branch  1 never executed
        -: 1118:	    {
    #####: 1119:	      gainCard(state->hand[currentPlayer][choice1], state, 0, i);
call    0 never executed
        -: 1120:	    }
        -: 1121:	}
        -: 1122:
        -: 1123:      //discard played card from hand
    #####: 1124:      discardCard(handPos, currentPlayer, state, 0);			
call    0 never executed
        -: 1125:
        -: 1126:      //trash copies of cards returned to supply
    #####: 1127:      for (j = 0; j < choice2; j++)
branch  0 never executed
branch  1 never executed
        -: 1128:	{
    #####: 1129:	  for (i = 0; i < state->handCount[currentPlayer]; i++)
branch  0 never executed
branch  1 never executed
        -: 1130:	    {
    #####: 1131:	      if (state->hand[currentPlayer][i] == state->hand[currentPlayer][choice1])
branch  0 never executed
branch  1 never executed
        -: 1132:		{
    #####: 1133:		  discardCard(i, currentPlayer, state, 1);
call    0 never executed
    #####: 1134:		  break;
        -: 1135:		}
        -: 1136:	    }
        -: 1137:	}			
        -: 1138:
    #####: 1139:      return 0;
        -: 1140:		
        -: 1141:    case cutpurse:
        -: 1142:
    #####: 1143:      updateCoins(currentPlayer, state, 2);
call    0 never executed
    #####: 1144:      for (i = 0; i < state->numPlayers; i++)
branch  0 never executed
branch  1 never executed
        -: 1145:	{
    #####: 1146:	  if (i != currentPlayer)
branch  0 never executed
branch  1 never executed
        -: 1147:	    {
    #####: 1148:	      for (j = 0; j < state->handCount[i]; j++)
branch  0 never executed
branch  1 never executed
        -: 1149:		{
    #####: 1150:		  if (state->hand[i][j] == copper)
branch  0 never executed
branch  1 never executed
        -: 1151:		    {
    #####: 1152:		      discardCard(j, i, state, 0);
call    0 never executed
    #####: 1153:		      break;
        -: 1154:		    }
    #####: 1155:		  if (j == state->handCount[i])
branch  0 never executed
branch  1 never executed
        -: 1156:		    {
    #####: 1157:		      for (k = 0; k < state->handCount[i]; k++)
branch  0 never executed
branch  1 never executed
        -: 1158:			{
        -: 1159:			  if (DEBUG)
    #####: 1160:			    printf("Player %d reveals card number %d\n", i, state->hand[i][k]);
call    0 never executed
        -: 1161:			}	
    #####: 1162:		      break;
        -: 1163:		    }		
        -: 1164:		}
        -: 1165:					
        -: 1166:	    }
        -: 1167:				
        -: 1168:	}				
        -: 1169:
        -: 1170:      //discard played card from hand
    #####: 1171:      discardCard(handPos, currentPlayer, state, 0);			
call    0 never executed
        -: 1172:
    #####: 1173:      return 0;
        -: 1174:
        -: 1175:		
        -: 1176:    case embargo: 
        -: 1177:      //+2 Coins
    #####: 1178:      state->coins = state->coins + 2;
        -: 1179:			
        -: 1180:      //see if selected pile is in play
    #####: 1181:      if ( state->supplyCount[choice1] == -1 )
branch  0 never executed
branch  1 never executed
        -: 1182:	{
    #####: 1183:	  return -1;
        -: 1184:	}
        -: 1185:			
        -: 1186:      //add embargo token to selected supply pile
    #####: 1187:      state->embargoTokens[choice1]++;
        -: 1188:			
        -: 1189:      //trash card
    #####: 1190:      discardCard(handPos, currentPlayer, state, 1);		
call    0 never executed
    #####: 1191:      return 0;
        -: 1192:		
        -: 1193:    case outpost:
        -: 1194:      //set outpost flag
    #####: 1195:      state->outpostPlayed++;
        -: 1196:			
        -: 1197:      //discard card
    #####: 1198:      discardCard(handPos, currentPlayer, state, 0);
call    0 never executed
    #####: 1199:      return 0;
        -: 1200:		
        -: 1201:    case salvager:
        -: 1202:      //+1 buy
    #####: 1203:      state->numBuys++;
        -: 1204:			
    #####: 1205:      if (choice1)
branch  0 never executed
branch  1 never executed
        -: 1206:	{
        -: 1207:	  //gain coins equal to trashed card
    #####: 1208:	  state->coins = state->coins + getCost( handCard(choice1, state) );
call    0 never executed
call    1 never executed
        -: 1209:	  //trash card
    #####: 1210:	  discardCard(choice1, currentPlayer, state, 1);	
call    0 never executed
        -: 1211:	}
        -: 1212:			
        -: 1213:      //discard card
    #####: 1214:      discardCard(handPos, currentPlayer, state, 0);
call    0 never executed
    #####: 1215:      return 0;
        -: 1216:		
        -: 1217:    case sea_hag:
    #####: 1218:      for (i = 0; i < state->numPlayers; i++){
branch  0 never executed
branch  1 never executed
    #####: 1219:	if (i != currentPlayer){
branch  0 never executed
branch  1 never executed
    #####: 1220:	  state->discard[i][state->discardCount[i]] = state->deck[i][state->deckCount[i]--];			    state->deckCount[i]--;
    #####: 1221:	  state->discardCount[i]++;
    #####: 1222:	  state->deck[i][state->deckCount[i]--] = curse;//Top card now a curse
        -: 1223:	}
        -: 1224:      }
    #####: 1225:      return 0;
        -: 1226:		
        -: 1227:    case treasure_map:
        -: 1228:      //search hand for another treasure_map
    #####: 1229:      index = -1;
    #####: 1230:      for (i = 0; i < state->handCount[currentPlayer]; i++)
branch  0 never executed
branch  1 never executed
        -: 1231:	{
    #####: 1232:	  if (state->hand[currentPlayer][i] == treasure_map && i != handPos)
branch  0 never executed
branch  1 never executed
branch  2 never executed
branch  3 never executed
        -: 1233:	    {
    #####: 1234:	      index = i;
    #####: 1235:	      break;
        -: 1236:	    }
        -: 1237:	}
    #####: 1238:      if (index > -1)
branch  0 never executed
branch  1 never executed
        -: 1239:	{
        -: 1240:	  //trash both treasure cards
    #####: 1241:	  discardCard(handPos, currentPlayer, state, 1);
call    0 never executed
    #####: 1242:	  discardCard(index, currentPlayer, state, 1);
call    0 never executed
        -: 1243:
        -: 1244:	  //gain 4 Gold cards
    #####: 1245:	  for (i = 0; i < 4; i++)
branch  0 never executed
branch  1 never executed
        -: 1246:	    {
    #####: 1247:	      gainCard(gold, state, 1, currentPlayer);
call    0 never executed
        -: 1248:	    }
        -: 1249:				
        -: 1250:	  //return success
    #####: 1251:	  return 1;
        -: 1252:	}
        -: 1253:			
        -: 1254:      //no second treasure_map found in hand
    #####: 1255:      return -1;
        -: 1256:    }
        -: 1257:	
    #####: 1258:  return -1;
        -: 1259:}
        -: 1260:
function discardCard called 12084 returned 100% blocks executed 89%
    12084: 1261:int discardCard(int handPos, int currentPlayer, struct gameState *state, int trashFlag)
        -: 1262:{
        -: 1263:	
        -: 1264:  //if card is not trashed, added to Played pile 
    12084: 1265:  if (trashFlag < 1)
branch  0 taken 100% (fallthrough)
branch  1 taken 0%
        -: 1266:    {
        -: 1267:      //add card to played pile
    12084: 1268:      state->playedCards[state->playedCardCount] = state->hand[currentPlayer][handPos]; 
    12084: 1269:      state->playedCardCount++;
        -: 1270:    }
        -: 1271:	
        -: 1272:  //set played card to -1
    12084: 1273:  state->hand[currentPlayer][handPos] = -1;
        -: 1274:	
        -: 1275:  //remove card from player's hand
    12084: 1276:  if ( handPos == (state->handCount[currentPlayer] - 1) ) 	//last card in hand array is played
branch  0 taken 1% (fallthrough)
branch  1 taken 99%
        -: 1277:    {
        -: 1278:      //reduce number of cards in hand
       24: 1279:      state->handCount[currentPlayer]--;
        -: 1280:    }
    12060: 1281:  else if ( state->handCount[currentPlayer] == 1 ) //only one card in hand
branch  0 taken 0% (fallthrough)
branch  1 taken 100%
        -: 1282:    {
        -: 1283:      //reduce number of cards in hand
    #####: 1284:      state->handCount[currentPlayer]--;
        -: 1285:    }
        -: 1286:  else 	
        -: 1287:    {
        -: 1288:      //replace discarded card with last card in hand
    12060: 1289:      state->hand[currentPlayer][handPos] = state->hand[currentPlayer][ (state->handCount[currentPlayer] - 1)];
        -: 1290:      //set last card to -1
    12060: 1291:      state->hand[currentPlayer][state->handCount[currentPlayer] - 1] = -1;
        -: 1292:      //reduce number of cards in hand
    12060: 1293:      state->handCount[currentPlayer]--;
        -: 1294:    }
        -: 1295:	
    12084: 1296:  return 0;
        -: 1297:}
        -: 1298:
function gainCard called 0 returned 0% blocks executed 0%
    #####: 1299:int gainCard(int supplyPos, struct gameState *state, int toFlag, int player)
        -: 1300:{
        -: 1301:  //Note: supplyPos is enum of choosen card
        -: 1302:	
        -: 1303:  //check if supply pile is empty (0) or card is not used in game (-1)
    #####: 1304:  if ( supplyCount(supplyPos, state) < 1 )
call    0 never executed
branch  1 never executed
branch  2 never executed
        -: 1305:    {
    #####: 1306:      return -1;
        -: 1307:    }
        -: 1308:	
        -: 1309:  //added card for [whoseTurn] current player:
        -: 1310:  // toFlag = 0 : add to discard
        -: 1311:  // toFlag = 1 : add to deck
        -: 1312:  // toFlag = 2 : add to hand
        -: 1313:
    #####: 1314:  if (toFlag == 1)
branch  0 never executed
branch  1 never executed
        -: 1315:    {
    #####: 1316:      state->deck[ player ][ state->deckCount[player] ] = supplyPos;
    #####: 1317:      state->deckCount[player]++;
        -: 1318:    }
    #####: 1319:  else if (toFlag == 2)
branch  0 never executed
branch  1 never executed
        -: 1320:    {
    #####: 1321:      state->hand[ player ][ state->handCount[player] ] = supplyPos;
    #####: 1322:      state->handCount[player]++;
        -: 1323:    }
        -: 1324:  else
        -: 1325:    {
    #####: 1326:      state->discard[player][ state->discardCount[player] ] = supplyPos;
    #####: 1327:      state->discardCount[player]++;
        -: 1328:    }
        -: 1329:	
        -: 1330:  //decrease number in supply pile
    #####: 1331:  state->supplyCount[supplyPos]--;
        -: 1332:	 
    #####: 1333:  return 0;
        -: 1334:}
        -: 1335:
function updateCoins called 6000 returned 100% blocks executed 82%
     6000: 1336:int updateCoins(int player, struct gameState *state, int bonus)
        -: 1337:{
        -: 1338:  int i;
        -: 1339:	
        -: 1340:  //reset coin count
     6000: 1341:  state->coins = 0;
        -: 1342:
        -: 1343:  //add coins for each Treasure card in player's hand
    36000: 1344:  for (i = 0; i < state->handCount[player]; i++)
branch  0 taken 83%
branch  1 taken 17% (fallthrough)
        -: 1345:    {
    30000: 1346:      if (state->hand[player][i] == copper)
branch  0 taken 70% (fallthrough)
branch  1 taken 30%
        -: 1347:	{
    20979: 1348:	  state->coins += 1;
        -: 1349:	}
     9021: 1350:      else if (state->hand[player][i] == silver)
branch  0 taken 0% (fallthrough)
branch  1 taken 100%
        -: 1351:	{
    #####: 1352:	  state->coins += 2;
        -: 1353:	}
     9021: 1354:      else if (state->hand[player][i] == gold)
branch  0 taken 0% (fallthrough)
branch  1 taken 100%
        -: 1355:	{
    #####: 1356:	  state->coins += 3;
        -: 1357:	}	
        -: 1358:    }	
        -: 1359:
        -: 1360:  //add bonus
     6000: 1361:  state->coins += bonus;
        -: 1362:
     6000: 1363:  return 0;
        -: 1364:}
        -: 1365:
        -: 1366:
        -: 1367://end of dominion.c
        -: 1368:
